Resource Usage Report for HI6110 

Mapping to part: m2gl025fbga484std
Cell usage:
CLKINT          2 uses
CFG1           1 use
CFG2           20 uses
CFG3           81 uses
CFG4           753 uses

Carry primitives used for arithmetic functions:
ARI1           9 uses


Sequential Cells: 
SLE            647 uses

DSP Blocks:    0

I/O ports: 575
I/O primitives: 574
BIBUF          16 uses
INBUF          554 uses
OUTBUF         4 uses


Global Clock Buffers: 2


Total LUTs:    864

Extra resources required for RAM and MACC interface logic during P&R:

RAM64x18 Interface Logic : SLEs = 0; LUTs = 0;
RAM1K18  Interface Logic : SLEs = 0; LUTs = 0;
MACC     Interface Logic : SLEs = 0; LUTs = 0;

Total number of SLEs after P&R:  647 + 0 + 0 + 0 = 647;
Total number of LUTs after P&R:  864 + 0 + 0 + 0 = 864;

