sourcing C:\Microsemi\Libero_SoC_v11.7\Synplify\lib\message_override.tcl


Starting:    C:\Microsemi\Libero_SoC_v11.7\Synplify\bin64\mbin\synbatch.exe
Install:     C:\Microsemi\Libero_SoC_v11.7\Synplify
Hostname:    CEMREIMER_DESKT
Date:        Mon Jan 30 15:55:41 2017
Version:     J-2015.03M-SP1-2

Arguments:   -product synplify_pro -licensetype synplifypro_actel -batch -log synplify.log TopModule_syn.tcl
ProductType: synplify_pro

License checkout: synplifypro_actel
License: synplifypro_actel node-locked 
Licensed Vendor: actel
License Option: actel_oem

Running in Vendor Mode


auto_infer_blackbox is not supported in current product.

log file: "C:\Users\c001\Desktop\Cemre_imer\serhat_git\SERHAT_code_coverage\HI6110\synthesis\TopModule.srr"

Running: synthesis in foreground



Running TopModule_syn|synthesis


Running: compile (Compile) on TopModule_syn|synthesis


Running: compile_flow (Compile Process) on TopModule_syn|synthesis


Running: compiler (Compile Input) on TopModule_syn|synthesis

Copied C:\Users\c001\Desktop\Cemre_imer\serhat_git\SERHAT_code_coverage\HI6110\synthesis\synwork\TopModule_comp.srs to C:\Users\c001\Desktop\Cemre_imer\serhat_git\SERHAT_code_coverage\HI6110\synthesis\TopModule.srs


compiler Completed
Return Code: 0
Run Time:0h:00m:03s


Running: multi_srs_gen (Multi-srs Generator) on TopModule_syn|synthesis

Copied C:\Users\c001\Desktop\Cemre_imer\serhat_git\SERHAT_code_coverage\HI6110\synthesis\synwork\TopModule_comp.srs to C:\Users\c001\Desktop\Cemre_imer\serhat_git\SERHAT_code_coverage\HI6110\synthesis\synwork\TopModule_s.srs


multi_srs_gen Completed
Return Code: 0
Run Time:0h:00m:01s

Copied C:\Users\c001\Desktop\Cemre_imer\serhat_git\SERHAT_code_coverage\HI6110\synthesis\synwork\TopModule_mult.srs to C:\Users\c001\Desktop\Cemre_imer\serhat_git\SERHAT_code_coverage\HI6110\synthesis\TopModule.srs

Complete: Compile Process on TopModule_syn|synthesis


Running: premap (Pre-mapping) on TopModule_syn|synthesis

Copied C:\Users\c001\Desktop\Cemre_imer\serhat_git\SERHAT_code_coverage\HI6110\synthesis\TopModule.sap to C:\Users\c001\Desktop\Cemre_imer\serhat_git\SERHAT_code_coverage\HI6110\synthesis\synwork\TopModule_s.sap

Copied C:\Users\c001\Desktop\Cemre_imer\serhat_git\SERHAT_code_coverage\HI6110\synthesis\TopModule.fse to C:\Users\c001\Desktop\Cemre_imer\serhat_git\SERHAT_code_coverage\HI6110\synthesis\synwork\TopModule_s.fse


premap Completed
Return Code: 0
Run Time:0h:00m:01s

Complete: Compile on TopModule_syn|synthesis


Running: map (Map) on TopModule_syn|synthesis


Running: fpga_mapper (Map & Optimize) on TopModule_syn|synthesis

Copied C:\Users\c001\Desktop\Cemre_imer\serhat_git\SERHAT_code_coverage\HI6110\synthesis\synwork\TopModule_m.srm to C:\Users\c001\Desktop\Cemre_imer\serhat_git\SERHAT_code_coverage\HI6110\synthesis\TopModule.srm


fpga_mapper Completed
Return Code: 0
Run Time:0h:00m:01s

Complete: Map on TopModule_syn|synthesis

Complete: Logic Synthesis on TopModule_syn|synthesis

TCL script complete: "TopModule_syn.tcl"

exit status=0

exit status=0

License checkin: synplifypro_actel

